Error: That port is already in use.
[26/Feb/2025 15:49:56] code 400, message Bad request version ('\x00\x02\x01\x00\x00\x17\x00\x00ÿ\x01\x00\x01\x00\x00\x12\x00\x00\x00')
[26/Feb/2025 15:49:56] You're accessing the development server over HTTPS, but it only supports HTTP.
[26/Feb/2025 15:49:56] code 400, message Bad request version ('jj\x13\x01\x13\x02\x13\x03À+À/À,À0Ì©Ì¨À\x13À\x14\x00\x9c\x00\x9d\x00/\x005\x01\x00\x06¶ÚÚ\x00\x00\x00\x05\x00\x05\x01\x00\x00\x00\x00\x00')
[26/Feb/2025 15:49:56] You're accessing the development server over HTTPS, but it only supports HTTP.
[26/Feb/2025 15:50:03] "GET /stock HTTP/1.1" 301 0
[26/Feb/2025 15:50:03] "GET /stock/ HTTP/1.1" 200 663911
[26/Feb/2025 15:50:04] "GET /favicon.ico HTTP/1.1" 404 179
[25/Mar/2025 21:08:36] "GET /trades/ HTTP/1.0" 200 18591
[25/Mar/2025 21:09:07] "GET /trades/ HTTP/1.0" 200 18591
[25/Mar/2025 21:09:09] "GET /trades/ HTTP/1.0" 200 18591
[25/Mar/2025 21:09:09] "GET /trades/ HTTP/1.0" 200 18591
[25/Mar/2025 21:09:09] "GET /trades/ HTTP/1.0" 200 18591
[25/Mar/2025 21:09:13] "GET /trades HTTP/1.0" 301 0
[25/Mar/2025 21:09:13] "GET /trades/ HTTP/1.0" 200 18591
[25/Mar/2025 21:09:15] "GET /trades/flagged?nocache=1742936954897 HTTP/1.0" 200 139230
[25/Mar/2025 21:09:19] "GET /stock?search=apple HTTP/1.0" 301 0
[25/Mar/2025 21:09:19] "GET /stock/?search=apple HTTP/1.0" 200 361
[25/Mar/2025 21:09:28] "GET /trades HTTP/1.0" 301 0
[25/Mar/2025 21:09:28] "GET /trades/ HTTP/1.0" 200 18591
[25/Mar/2025 21:09:32] "GET /trades HTTP/1.0" 301 0
[25/Mar/2025 21:09:33] "GET /trades/ HTTP/1.0" 200 18591
[25/Mar/2025 21:10:48] "GET /trades/flagged?nocache=1742937048246 HTTP/1.0" 200 139230
[25/Mar/2025 21:10:49] "GET /trades HTTP/1.0" 301 0
[25/Mar/2025 21:10:49] "GET /trades/ HTTP/1.0" 200 18591
[25/Mar/2025 21:10:55] "GET /trades/flagged?nocache=1742937054877 HTTP/1.0" 200 139230
[25/Mar/2025 21:10:55] "GET /trades?trade_id=20003783115 HTTP/1.0" 301 0
[25/Mar/2025 21:10:55] "GET /trades/?trade_id=20003783115 HTTP/1.0" 200 580
[25/Mar/2025 21:10:56] "GET /trades?trade_id=20003783092 HTTP/1.0" 301 0
[25/Mar/2025 21:10:56] "GET /trades/?trade_id=20003783092 HTTP/1.0" 200 586
[25/Mar/2025 21:11:01] "GET /trades HTTP/1.0" 301 0
[25/Mar/2025 21:11:01] "GET /trades/ HTTP/1.0" 200 18591
[25/Mar/2025 21:11:04] "GET /trades/member?id=G000596 HTTP/1.0" 200 16044
[25/Mar/2025 21:11:06] "GET /trades/flagged?nocache=1742937065991 HTTP/1.0" 200 139230
[25/Mar/2025 21:11:37] "GET /trades?trade_id=20003783120 HTTP/1.0" 301 0
[25/Mar/2025 21:11:37] "GET /trades/?trade_id=20003783120 HTTP/1.0" 200 585
[25/Mar/2025 21:13:25] "GET /trades HTTP/1.0" 301 0
[25/Mar/2025 21:13:25] "GET /trades/ HTTP/1.0" 200 18591
[25/Mar/2025 21:13:25] "GET /trades/flagged?nocache=1742937205788 HTTP/1.0" 200 139230
[25/Mar/2025 21:13:26] "GET /trades/flagged?nocache=1742937206142 HTTP/1.0" 200 139230
[25/Mar/2025 21:13:26] "GET /trades HTTP/1.0" 301 0
[25/Mar/2025 21:13:26] "GET /trades/ HTTP/1.0" 200 18591
[25/Mar/2025 21:13:34] "GET /trades/member?id=G000596 HTTP/1.0" 200 16044
[25/Mar/2025 21:13:36] "GET /trades?trade_id=20003783125 HTTP/1.0" 301 0
[25/Mar/2025 21:13:36] "GET /trades/?trade_id=20003783125 HTTP/1.0" 200 595
[25/Mar/2025 21:13:42] "GET /trades?trade_id=20003782462 HTTP/1.0" 301 0
[25/Mar/2025 21:13:42] "GET /trades/?trade_id=20003782462 HTTP/1.0" 200 583
[25/Mar/2025 21:13:46] "GET /trades HTTP/1.0" 301 0
[25/Mar/2025 21:13:46] "GET /trades/ HTTP/1.0" 200 18591
[25/Mar/2025 21:19:23] "GET /cgi-bin/luci/;stok=/locale HTTP/1.0" 404 179
[25/Mar/2025 21:40:48] "GET /trades HTTP/1.0" 301 0
[25/Mar/2025 21:40:48] "GET /trades/ HTTP/1.0" 200 18591
[25/Mar/2025 21:46:09] "GET / HTTP/1.0" 404 179
[25/Mar/2025 21:49:45] "GET /trades HTTP/1.0" 301 0
[25/Mar/2025 21:49:45] "GET /trades/ HTTP/1.0" 200 18591
[25/Mar/2025 21:49:46] "GET /trades HTTP/1.0" 301 0
[25/Mar/2025 21:49:46] "GET /trades HTTP/1.0" 301 0
[25/Mar/2025 21:49:46] "GET /trades/ HTTP/1.0" 200 18591
[25/Mar/2025 21:49:46] "GET /trades/ HTTP/1.0" 200 18591
[25/Mar/2025 21:54:12] "GET / HTTP/1.0" 404 179
[25/Mar/2025 21:58:45] "GET / HTTP/1.0" 404 179
[25/Mar/2025 21:58:55] "GET / HTTP/1.0" 404 179
[25/Mar/2025 21:59:29] "GET /favicon.ico HTTP/1.0" 404 179
[25/Mar/2025 22:34:54] "GET /trades HTTP/1.0" 301 0
[25/Mar/2025 22:34:54] "GET /trades/ HTTP/1.0" 200 18591
[25/Mar/2025 22:41:46] "GET /robots.txt HTTP/1.0" 404 179
[25/Mar/2025 22:43:54] "GET / HTTP/1.0" 404 179
[25/Mar/2025 23:13:00] "GET / HTTP/1.0" 404 179
[25/Mar/2025 23:13:14] "GET / HTTP/1.0" 404 179
[25/Mar/2025 23:13:17] "GET /favicon.ico HTTP/1.0" 404 179
[25/Mar/2025 23:13:43] "GET /favicon.ico HTTP/1.0" 404 179
[25/Mar/2025 23:17:39] "GET / HTTP/1.1" 404 179
[25/Mar/2025 23:23:34] "GET /robots1.txt HTTP/1.0" 404 179
[25/Mar/2025 23:35:24] "GET / HTTP/1.0" 404 179
[25/Mar/2025 23:41:19] "GET /_profiler/phpinfo HTTP/1.0" 404 179
[26/Mar/2025 00:22:32] "POST /hello.world?%ADd+allow_url_include%3d1+%ADd+auto_prepend_file%3dphp://input HTTP/1.0" 404 179
[26/Mar/2025 00:22:35] "GET /vendor/phpunit/phpunit/src/Util/PHP/eval-stdin.php HTTP/1.0" 404 179
[26/Mar/2025 00:22:40] "GET /vendor/phpunit/phpunit/Util/PHP/eval-stdin.php HTTP/1.0" 404 179
[26/Mar/2025 00:22:42] "GET /vendor/phpunit/src/Util/PHP/eval-stdin.php HTTP/1.0" 404 179
[26/Mar/2025 00:22:45] "GET /vendor/phpunit/Util/PHP/eval-stdin.php HTTP/1.0" 404 179
[26/Mar/2025 00:22:46] "GET /vendor/phpunit/phpunit/LICENSE/eval-stdin.php HTTP/1.0" 404 179
[26/Mar/2025 00:22:48] "GET /vendor/vendor/phpunit/phpunit/src/Util/PHP/eval-stdin.php HTTP/1.0" 404 179
[26/Mar/2025 00:22:50] "GET /phpunit/phpunit/src/Util/PHP/eval-stdin.php HTTP/1.0" 404 179
[26/Mar/2025 00:22:53] "GET /phpunit/phpunit/Util/PHP/eval-stdin.php HTTP/1.0" 404 179
[26/Mar/2025 00:22:54] "GET /phpunit/src/Util/PHP/eval-stdin.php HTTP/1.0" 404 179
[26/Mar/2025 00:22:57] "GET /phpunit/Util/PHP/eval-stdin.php HTTP/1.0" 404 179
[26/Mar/2025 00:22:58] "GET /lib/phpunit/phpunit/src/Util/PHP/eval-stdin.php HTTP/1.0" 404 179
[26/Mar/2025 00:23:00] "GET /lib/phpunit/phpunit/Util/PHP/eval-stdin.php HTTP/1.0" 404 179
[26/Mar/2025 00:23:02] "GET /lib/phpunit/src/Util/PHP/eval-stdin.php HTTP/1.0" 404 179
[26/Mar/2025 00:23:04] "GET /lib/phpunit/Util/PHP/eval-stdin.php HTTP/1.0" 404 179
[26/Mar/2025 00:23:06] "GET /lib/vendor/phpunit/phpunit/src/Util/PHP/eval-stdin.php HTTP/1.0" 404 179
[26/Mar/2025 00:23:08] "GET /laravel/vendor/phpunit/phpunit/src/Util/PHP/eval-stdin.php HTTP/1.0" 404 179
[26/Mar/2025 00:23:10] "GET /www/vendor/phpunit/phpunit/src/Util/PHP/eval-stdin.php HTTP/1.0" 404 179
[26/Mar/2025 00:23:14] "GET /ws/vendor/phpunit/phpunit/src/Util/PHP/eval-stdin.php HTTP/1.0" 404 179
[26/Mar/2025 00:23:15] "GET /yii/vendor/phpunit/phpunit/src/Util/PHP/eval-stdin.php HTTP/1.0" 404 179
[26/Mar/2025 00:23:19] "GET /zend/vendor/phpunit/phpunit/src/Util/PHP/eval-stdin.php HTTP/1.0" 404 179
[26/Mar/2025 00:23:21] "GET /ws/ec/vendor/phpunit/phpunit/src/Util/PHP/eval-stdin.php HTTP/1.0" 404 179
[26/Mar/2025 00:23:23] "GET /V2/vendor/phpunit/phpunit/src/Util/PHP/eval-stdin.php HTTP/1.0" 404 179
[26/Mar/2025 00:23:25] "GET /tests/vendor/phpunit/phpunit/src/Util/PHP/eval-stdin.php HTTP/1.0" 404 179
[26/Mar/2025 00:23:27] "GET /test/vendor/phpunit/phpunit/src/Util/PHP/eval-stdin.php HTTP/1.0" 404 179
[26/Mar/2025 00:23:29] "GET /testing/vendor/phpunit/phpunit/src/Util/PHP/eval-stdin.php HTTP/1.0" 404 179
[26/Mar/2025 00:23:31] "GET /api/vendor/phpunit/phpunit/src/Util/PHP/eval-stdin.php HTTP/1.0" 404 179
[26/Mar/2025 00:23:33] "GET /demo/vendor/phpunit/phpunit/src/Util/PHP/eval-stdin.php HTTP/1.0" 404 179
[26/Mar/2025 00:23:38] "GET /cms/vendor/phpunit/phpunit/src/Util/PHP/eval-stdin.php HTTP/1.0" 404 179
[26/Mar/2025 00:23:40] "GET /crm/vendor/phpunit/phpunit/src/Util/PHP/eval-stdin.php HTTP/1.0" 404 179
[26/Mar/2025 00:23:42] "GET /admin/vendor/phpunit/phpunit/src/Util/PHP/eval-stdin.php HTTP/1.0" 302 0
[26/Mar/2025 00:23:44] "GET /backup/vendor/phpunit/phpunit/src/Util/PHP/eval-stdin.php HTTP/1.0" 404 179
[26/Mar/2025 00:23:46] "GET /blog/vendor/phpunit/phpunit/src/Util/PHP/eval-stdin.php HTTP/1.0" 404 179
[26/Mar/2025 00:23:47] "GET /workspace/drupal/vendor/phpunit/phpunit/src/Util/PHP/eval-stdin.php HTTP/1.0" 404 179
[26/Mar/2025 00:23:49] "GET /panel/vendor/phpunit/phpunit/src/Util/PHP/eval-stdin.php HTTP/1.0" 404 179
[26/Mar/2025 00:23:51] "GET /public/vendor/phpunit/phpunit/src/Util/PHP/eval-stdin.php HTTP/1.0" 404 179
[26/Mar/2025 00:23:52] "GET /apps/vendor/phpunit/phpunit/src/Util/PHP/eval-stdin.php HTTP/1.0" 404 179
[26/Mar/2025 00:23:53] "GET /app/vendor/phpunit/phpunit/src/Util/PHP/eval-stdin.php HTTP/1.0" 404 179
[26/Mar/2025 00:23:56] "GET /index.php?s=/index/\think\app/invokefunction&function=call_user_func_array&vars[0]=md5&vars[1][]=Hello HTTP/1.0" 404 179
[26/Mar/2025 00:23:57] "GET /public/index.php?s=/index/\think\app/invokefunction&function=call_user_func_array&vars[0]=md5&vars[1][]=Hello HTTP/1.0" 404 179
[26/Mar/2025 00:24:00] "GET /index.php?lang=../../../../../../../../usr/local/lib/php/pearcmd&+config-create+/&/<?echo(md5("hi"));?>+/tmp/index1.php HTTP/1.0" 404 179
[26/Mar/2025 00:24:01] "GET /index.php?lang=../../../../../../../../tmp/index1 HTTP/1.0" 404 179
[26/Mar/2025 00:24:03] "GET /containers/json HTTP/1.0" 404 179
[26/Mar/2025 00:35:40] "GET /favicon.ico HTTP/1.0" 404 179
[26/Mar/2025 00:39:31] "GET /robots1.txt HTTP/1.0" 404 179
[26/Mar/2025 00:44:35] "GET /trades HTTP/1.0" 301 0
[26/Mar/2025 00:44:35] "GET /trades/ HTTP/1.0" 200 18591
[26/Mar/2025 00:44:39] "GET /trades/member?id=G000596 HTTP/1.0" 200 16044
[26/Mar/2025 00:45:38] "GET /trades HTTP/1.0" 301 0
[26/Mar/2025 00:45:38] "GET /trades/ HTTP/1.0" 200 18591
[26/Mar/2025 00:46:54] "GET /trades HTTP/1.0" 301 0
[26/Mar/2025 00:46:54] "GET /trades/ HTTP/1.0" 200 18591
[26/Mar/2025 00:49:14] "GET /trades/flagged?nocache=1742950154700 HTTP/1.0" 200 139230
[26/Mar/2025 00:49:18] "GET /trades/flagged?nocache=1742950157843 HTTP/1.0" 200 139230
[26/Mar/2025 00:52:23] "GET /trades/member?id=A000148 HTTP/1.0" 200 727
[26/Mar/2025 00:54:46] "GET /trades/member?id=A000148 HTTP/1.0" 200 727
Performing system checks...

System check identified no issues (0 silenced).
March 25, 2025 - 21:08:20
Django version 5.1.6, using settings 'project.settings'
Starting development server at http://0.0.0.0:8000/
Quit the server with CONTROL-C.

Performing system checks...

System check identified no issues (0 silenced).
March 26, 2025 - 00:55:56
Django version 5.1.6, using settings 'project.settings'
Starting development server at http://0.0.0.0:8000/
Quit the server with CONTROL-C.

System check identified some issues:

WARNINGS:
?: (urls.W002) Your URL pattern '/members' has a route beginning with a '/'. Remove this slash as it is unnecessary. If this pattern is targeted in an include(), ensure the include() pattern has a trailing '/'.

System check identified 1 issue (0 silenced).
Performing system checks...

March 26, 2025 - 00:56:04
Django version 5.1.6, using settings 'project.settings'
Starting development server at http://0.0.0.0:8000/
Quit the server with CONTROL-C.

System check identified some issues:

WARNINGS:
?: (urls.W002) Your URL pattern '/members' has a route beginning with a '/'. Remove this slash as it is unnecessary. If this pattern is targeted in an include(), ensure the include() pattern has a trailing '/'.

System check identified 1 issue (0 silenced).
Performing system checks...

March 26, 2025 - 00:56:06
Django version 5.1.6, using settings 'project.settings'
Starting development server at http://0.0.0.0:8000/
Quit the server with CONTROL-C.

System check identified some issues:

WARNINGS:
?: (urls.W002) Your URL pattern '/members' has a route beginning with a '/'. Remove this slash as it is unnecessary. If this pattern is targeted in an include(), ensure the include() pattern has a trailing '/'.

System check identified 1 issue (0 silenced).
[26/Mar/2025 00:57:13] "GET /members HTTP/1.0" 404 179
Performing system checks...

March 26, 2025 - 00:57:03
Django version 5.1.6, using settings 'project.settings'
Starting development server at http://0.0.0.0:8000/
Quit the server with CONTROL-C.

System check identified some issues:

WARNINGS:
?: (urls.W002) Your URL pattern '/members' has a route beginning with a '/'. Remove this slash as it is unnecessary. If this pattern is targeted in an include(), ensure the include() pattern has a trailing '/'.

System check identified 1 issue (0 silenced).
Performing system checks...

March 26, 2025 - 00:57:21
Django version 5.1.6, using settings 'project.settings'
Starting development server at http://0.0.0.0:8000/
Quit the server with CONTROL-C.

System check identified some issues:

WARNINGS:
?: (urls.W002) Your URL pattern '/members' has a route beginning with a '/'. Remove this slash as it is unnecessary. If this pattern is targeted in an include(), ensure the include() pattern has a trailing '/'.

System check identified 1 issue (0 silenced).
Performing system checks...

March 26, 2025 - 00:57:23
Django version 5.1.6, using settings 'project.settings'
Starting development server at http://0.0.0.0:8000/
Quit the server with CONTROL-C.

System check identified some issues:

WARNINGS:
?: (urls.W002) Your URL pattern '/members' has a route beginning with a '/'. Remove this slash as it is unnecessary. If this pattern is targeted in an include(), ensure the include() pattern has a trailing '/'.

System check identified 1 issue (0 silenced).
Performing system checks...

March 26, 2025 - 00:57:28
Django version 5.1.6, using settings 'project.settings'
Starting development server at http://0.0.0.0:8000/
Quit the server with CONTROL-C.

[26/Mar/2025 00:57:42] "GET /members HTTP/1.0" 301 0
[26/Mar/2025 00:57:42] "GET /members/ HTTP/1.0" 200 18
Performing system checks...

System check identified no issues (0 silenced).
March 26, 2025 - 00:57:40
Django version 5.1.6, using settings 'project.settings'
Starting development server at http://0.0.0.0:8000/
Quit the server with CONTROL-C.

Performing system checks...

System check identified no issues (0 silenced).
March 26, 2025 - 01:00:18
Django version 5.1.6, using settings 'project.settings'
Starting development server at http://0.0.0.0:8000/
Quit the server with CONTROL-C.

[26/Mar/2025 01:00:32] "GET /.git/config HTTP/1.0" 404 179
Performing system checks...

System check identified no issues (0 silenced).
March 26, 2025 - 01:00:28
Django version 5.1.6, using settings 'project.settings'
Starting development server at http://0.0.0.0:8000/
Quit the server with CONTROL-C.

Performing system checks...

System check identified no issues (0 silenced).
March 26, 2025 - 01:01:08
Django version 5.1.6, using settings 'project.settings'
Starting development server at http://0.0.0.0:8000/
Quit the server with CONTROL-C.

Performing system checks...

System check identified no issues (0 silenced).
March 26, 2025 - 01:02:34
Django version 5.1.6, using settings 'project.settings'
Starting development server at http://0.0.0.0:8000/
Quit the server with CONTROL-C.

[26/Mar/2025 01:07:01] "GET /members HTTP/1.0" 301 0
[26/Mar/2025 01:07:01] "GET /members/ HTTP/1.0" 200 15
[26/Mar/2025 01:07:10] "GET /trades HTTP/1.0" 301 0
[26/Mar/2025 01:07:10] "GET /trades/ HTTP/1.0" 200 18591
[26/Mar/2025 01:07:11] "GET /trades/member?id=G000596 HTTP/1.0" 200 16044
[26/Mar/2025 01:08:52] "GET / HTTP/1.0" 404 179
[26/Mar/2025 01:09:04] "GET / HTTP/1.0" 404 179
[26/Mar/2025 01:09:23] "GET /favicon.ico HTTP/1.0" 404 179
Performing system checks...

System check identified no issues (0 silenced).
March 26, 2025 - 01:06:58
Django version 5.1.6, using settings 'project.settings'
Starting development server at http://0.0.0.0:8000/
Quit the server with CONTROL-C.

Performing system checks...

System check identified no issues (0 silenced).
March 26, 2025 - 01:09:24
Django version 5.1.6, using settings 'project.settings'
Starting development server at http://0.0.0.0:8000/
Quit the server with CONTROL-C.

[26/Mar/2025 01:09:37] "GET /members HTTP/1.0" 301 0
[26/Mar/2025 01:09:43] "GET /members/ HTTP/1.0" 200 106
Performing system checks...

System check identified no issues (0 silenced).
March 26, 2025 - 01:09:35
Django version 5.1.6, using settings 'project.settings'
Starting development server at http://0.0.0.0:8000/
Quit the server with CONTROL-C.

[26/Mar/2025 01:10:40] "GET /members HTTP/1.0" 301 0
[26/Mar/2025 01:10:40] "GET /members/ HTTP/1.0" 200 174
Performing system checks...

System check identified no issues (0 silenced).
March 26, 2025 - 01:10:39
Django version 5.1.6, using settings 'project.settings'
Starting development server at http://0.0.0.0:8000/
Quit the server with CONTROL-C.

[26/Mar/2025 01:11:30] "GET /members HTTP/1.0" 301 0
[26/Mar/2025 01:11:36] "GET /members/ HTTP/1.0" 200 106
Performing system checks...

System check identified no issues (0 silenced).
March 26, 2025 - 01:11:19
Django version 5.1.6, using settings 'project.settings'
Starting development server at http://0.0.0.0:8000/
Quit the server with CONTROL-C.

[26/Mar/2025 01:13:02] "GET / HTTP/1.0" 404 179
Performing system checks...

System check identified no issues (0 silenced).
March 26, 2025 - 01:12:51
Django version 5.1.6, using settings 'project.settings'
Starting development server at http://0.0.0.0:8000/
Quit the server with CONTROL-C.

[26/Mar/2025 01:28:49] "GET /members HTTP/1.0" 301 0
[26/Mar/2025 01:28:54] "GET /members/ HTTP/1.0" 500 67
Performing system checks...

System check identified no issues (0 silenced).
March 26, 2025 - 01:28:48
Django version 5.1.6, using settings 'project.settings'
Starting development server at http://0.0.0.0:8000/
Quit the server with CONTROL-C.

Performing system checks...

System check identified no issues (0 silenced).
March 26, 2025 - 01:29:07
Django version 5.1.6, using settings 'project.settings'
Starting development server at http://0.0.0.0:8000/
Quit the server with CONTROL-C.

Performing system checks...

System check identified no issues (0 silenced).
March 26, 2025 - 01:29:17
Django version 5.1.6, using settings 'project.settings'
Starting development server at http://0.0.0.0:8000/
Quit the server with CONTROL-C.

[26/Mar/2025 01:29:52] "GET /members HTTP/1.0" 301 0
[26/Mar/2025 01:29:52] "GET /members/ HTTP/1.0" 500 58
Performing system checks...

System check identified no issues (0 silenced).
March 26, 2025 - 01:29:49
Django version 5.1.6, using settings 'project.settings'
Starting development server at http://0.0.0.0:8000/
Quit the server with CONTROL-C.

[26/Mar/2025 01:30:07] "GET /members HTTP/1.0" 301 0
[26/Mar/2025 01:30:13] "GET /members/ HTTP/1.0" 200 13450
Performing system checks...

System check identified no issues (0 silenced).
March 26, 2025 - 01:30:06
Django version 5.1.6, using settings 'project.settings'
Starting development server at http://0.0.0.0:8000/
Quit the server with CONTROL-C.

Performing system checks...

System check identified no issues (0 silenced).
March 26, 2025 - 01:30:44
Django version 5.1.6, using settings 'project.settings'
Starting development server at http://0.0.0.0:8000/
Quit the server with CONTROL-C.

[26/Mar/2025 01:30:55] "GET /members HTTP/1.0" 301 0
[26/Mar/2025 01:31:01] "GET /members/ HTTP/1.0" 200 6839
Performing system checks...

System check identified no issues (0 silenced).
March 26, 2025 - 01:30:55
Django version 5.1.6, using settings 'project.settings'
Starting development server at http://0.0.0.0:8000/
Quit the server with CONTROL-C.

[26/Mar/2025 01:33:55] "GET /members HTTP/1.0" 301 0
[26/Mar/2025 01:34:00] "GET /members/ HTTP/1.0" 200 7712
Performing system checks...

System check identified no issues (0 silenced).
March 26, 2025 - 01:33:53
Django version 5.1.6, using settings 'project.settings'
Starting development server at http://0.0.0.0:8000/
Quit the server with CONTROL-C.

[26/Mar/2025 01:34:10] "GET /members HTTP/1.0" 301 0
[26/Mar/2025 01:34:16] "GET /members/ HTTP/1.0" 200 7546
Performing system checks...

System check identified no issues (0 silenced).
March 26, 2025 - 01:34:09
Django version 5.1.6, using settings 'project.settings'
Starting development server at http://0.0.0.0:8000/
Quit the server with CONTROL-C.

[26/Mar/2025 01:36:34] "GET /trades/member?id=G000596 HTTP/1.0" 200 16044
[26/Mar/2025 01:45:55] "GET /members HTTP/1.0" 301 0
[26/Mar/2025 01:46:03] "GET /members/ HTTP/1.0" 200 7546
[26/Mar/2025 01:46:07] "GET /members HTTP/1.0" 301 0
[26/Mar/2025 01:46:12] "GET /members/ HTTP/1.0" 200 7546
[26/Mar/2025 01:46:17] "GET /trades HTTP/1.0" 301 0
[26/Mar/2025 01:46:17] "GET /trades/ HTTP/1.0" 200 18591
[26/Mar/2025 01:47:59] "GET /members HTTP/1.0" 301 0
[26/Mar/2025 01:48:07] "GET /members/ HTTP/1.0" 200 7546
[26/Mar/2025 01:48:07] "GET /members HTTP/1.0" 301 0
[26/Mar/2025 01:48:08] "GET /members HTTP/1.0" 301 0
[26/Mar/2025 01:48:12] "GET /trades/flagged?nocache=1742953691415 HTTP/1.0" 200 139230
[26/Mar/2025 01:48:20] "GET /members/ HTTP/1.0" 200 7546
[26/Mar/2025 01:48:22] "GET /members/ HTTP/1.0" 200 7546
[26/Mar/2025 01:48:33] "GET /members HTTP/1.0" 301 0
[26/Mar/2025 01:48:33] "GET /trades/flagged?nocache=1742953712700 HTTP/1.0" 200 139230
[26/Mar/2025 01:48:38] "GET /members/ HTTP/1.0" 200 7546
[26/Mar/2025 01:48:41] "GET /trades/flagged?nocache=1742953720507 HTTP/1.0" 200 139230
[26/Mar/2025 01:48:49] "GET /members/ HTTP/1.0" 200 7546
[26/Mar/2025 01:53:47] "HEAD /Core/Skin/Login.aspx HTTP/1.0" 404 0
[26/Mar/2025 02:05:41] "GET /trades/member?id=W000779 HTTP/1.0" 200 2461
[26/Mar/2025 02:05:41] "GET /trades/member?id=A000148 HTTP/1.0" 200 727
[26/Mar/2025 02:05:50] "GET /trades/flagged?nocache=1742954750352 HTTP/1.0" 200 139230
[26/Mar/2025 02:05:54] "GET /members/ HTTP/1.0" 200 7546
[26/Mar/2025 02:06:00] "GET /members/ HTTP/1.0" 200 7546
[26/Mar/2025 02:08:27] "GET / HTTP/1.0" 404 179
[26/Mar/2025 02:16:54] "GET /trades HTTP/1.0" 301 0
[26/Mar/2025 02:16:54] "GET /trades/ HTTP/1.0" 200 18559
[26/Mar/2025 02:16:56] "GET /members HTTP/1.0" 301 0
[26/Mar/2025 02:17:04] "GET /members/ HTTP/1.0" 200 7546
[26/Mar/2025 02:22:47] "GET / HTTP/1.1" 404 179
[26/Mar/2025 02:25:58] "GET / HTTP/1.0" 404 179
[26/Mar/2025 02:31:13] code 400, message Bad HTTP/0.9 request type ('\x16\x03\x01\x00{\x01\x00\x00w\x03\x03ÞUÙ÷\x8cðI¢-à\x93ËüÚ«Ø\x89X')
[26/Mar/2025 02:31:13] You're accessing the development server over HTTPS, but it only supports HTTP.
[26/Mar/2025 02:31:13] code 400, message Bad request version ('À\x14À')
[26/Mar/2025 02:31:13] You're accessing the development server over HTTPS, but it only supports HTTP.
[26/Mar/2025 02:31:13] "GET / HTTP/1.1" 404 179
[26/Mar/2025 02:31:13] "GET /login HTTP/1.1" 404 179
[26/Mar/2025 02:37:09] "GET /.env HTTP/1.0" 404 179
[26/Mar/2025 02:41:57] "GET / HTTP/1.0" 404 179
[26/Mar/2025 02:59:46] "GET / HTTP/1.0" 404 179
[26/Mar/2025 03:15:43] "GET / HTTP/1.0" 404 179
[26/Mar/2025 03:44:55] "GET /trades HTTP/1.0" 301 0
[26/Mar/2025 03:44:55] "GET /trades/ HTTP/1.0" 200 18571
[26/Mar/2025 03:44:59] "GET /members HTTP/1.0" 301 0
[26/Mar/2025 03:45:07] "GET /members/ HTTP/1.0" 200 7546
[26/Mar/2025 03:45:12] "GET /trades/member?id=B001327 HTTP/1.0" 200 77989
[26/Mar/2025 03:48:16] "GET /trades HTTP/1.0" 301 0
[26/Mar/2025 03:48:16] "GET /trades/ HTTP/1.0" 200 18571
[26/Mar/2025 03:48:43] "GET /trades HTTP/1.0" 301 0
[26/Mar/2025 03:48:43] "GET /trades/ HTTP/1.0" 200 18571
[26/Mar/2025 03:49:02] "GET /trades HTTP/1.0" 301 0
[26/Mar/2025 03:49:02] "GET /trades/ HTTP/1.0" 200 18571
[26/Mar/2025 03:54:05] "GET / HTTP/1.0" 404 179
[26/Mar/2025 04:04:02] "GET / HTTP/1.0" 404 179
[26/Mar/2025 04:21:21] "GET / HTTP/1.0" 404 179
[26/Mar/2025 04:39:52] "GET /RDWeb/Pages/ HTTP/1.0" 404 179
[26/Mar/2025 05:04:49] "GET / HTTP/1.0" 404 179
[26/Mar/2025 05:07:26] "GET / HTTP/1.1" 404 179
[26/Mar/2025 05:07:40] "GET /favicon.ico HTTP/1.1" 404 179
[26/Mar/2025 05:07:44] "GET http://api.ipify.org/?format=json HTTP/1.1" 400 143
[26/Mar/2025 05:07:46] "CONNECT www.shadowserver.org:443 HTTP/1.1" 400 143
[26/Mar/2025 05:20:22] "GET / HTTP/1.0" 404 179
[26/Mar/2025 05:27:36] code 400, message Bad request syntax ('nil')
[26/Mar/2025 05:27:36] "nil" 400 -
[26/Mar/2025 05:27:38] "GET / HTTP/1.0" 404 179
[26/Mar/2025 05:27:38] "GET / HTTP/1.1" 404 179
[26/Mar/2025 05:27:39] "GET /favicon.ico HTTP/1.1" 404 179
[26/Mar/2025 05:34:22] "GET /dns-query?dns=tgABAAABAAAAAAAAB2V4YW1wbGUDY29tAAABAAE HTTP/1.0" 404 179
[26/Mar/2025 05:34:22] "POST /dns-query HTTP/1.0" 404 179
[26/Mar/2025 05:34:22] "GET /dns-query?name=example.com&type=A HTTP/1.0" 404 179
[26/Mar/2025 05:34:22] "GET /dns-query?dns=DckBAAABAAAAAAAAB2V4YW1wbGUDY29tAAABAAE HTTP/1.0" 404 179
[26/Mar/2025 05:34:22] "POST /dns-query HTTP/1.0" 404 179
[26/Mar/2025 05:34:22] "GET /dns-query?name=example.com&type=A HTTP/1.0" 404 179
[26/Mar/2025 05:34:22] "GET /query?dns=vgQBAAABAAAAAAAAB2V4YW1wbGUDY29tAAABAAE HTTP/1.0" 404 179
[26/Mar/2025 05:34:22] "POST /query HTTP/1.0" 404 179
[26/Mar/2025 05:34:23] "GET /query?name=example.com&type=A HTTP/1.0" 404 179
[26/Mar/2025 05:34:23] "GET /query?dns=CzQBAAABAAAAAAAAB2V4YW1wbGUDY29tAAABAAE HTTP/1.0" 404 179
[26/Mar/2025 05:34:23] "POST /query HTTP/1.0" 404 179
[26/Mar/2025 05:34:23] "GET /query?name=example.com&type=A HTTP/1.0" 404 179
[26/Mar/2025 05:34:24] "GET /resolve?dns=OKYBAAABAAAAAAAAB2V4YW1wbGUDY29tAAABAAE HTTP/1.0" 404 179
[26/Mar/2025 05:34:24] "POST /resolve HTTP/1.0" 404 179
[26/Mar/2025 05:34:24] "GET /resolve?name=example.com&type=A HTTP/1.0" 404 179
[26/Mar/2025 05:34:24] "GET /resolve?dns=7moBAAABAAAAAAAAB2V4YW1wbGUDY29tAAABAAE HTTP/1.0" 404 179
[26/Mar/2025 05:34:24] "POST /resolve HTTP/1.0" 404 179
[26/Mar/2025 05:34:24] "GET /resolve?name=example.com&type=A HTTP/1.0" 404 179
[26/Mar/2025 05:34:24] "GET /?dns=giUBAAABAAAAAAAAB2V4YW1wbGUDY29tAAABAAE HTTP/1.0" 404 179
[26/Mar/2025 05:34:24] "POST / HTTP/1.0" 404 179
[26/Mar/2025 05:34:24] "GET /?name=example.com&type=A HTTP/1.0" 404 179
[26/Mar/2025 05:34:24] "GET /?dns=gKwBAAABAAAAAAAAB2V4YW1wbGUDY29tAAABAAE HTTP/1.0" 404 179
[26/Mar/2025 05:34:25] "POST / HTTP/1.0" 404 179
[26/Mar/2025 05:34:25] "GET /?name=example.com&type=A HTTP/1.0" 404 179
[26/Mar/2025 05:35:32] "HEAD /Core/Skin/Login.aspx HTTP/1.0" 404 0
[26/Mar/2025 05:51:34] "GET / HTTP/1.0" 404 179
[26/Mar/2025 05:53:12] "GET /.env HTTP/1.0" 404 179
[26/Mar/2025 05:53:13] "GET /backend/.env HTTP/1.0" 404 179
[26/Mar/2025 05:53:14] "GET /api/.env HTTP/1.0" 404 179
[26/Mar/2025 05:53:15] "GET /admin/.env HTTP/1.0" 302 0
[26/Mar/2025 05:53:16] "GET /info/ HTTP/1.0" 404 179
[26/Mar/2025 05:53:17] "GET /app_dev.php/_profiler/open?file=app/config/parameters.yml HTTP/1.0" 404 179
[26/Mar/2025 05:53:19] "GET /?phpinfo=-1 HTTP/1.0" 404 179
[26/Mar/2025 05:53:20] "GET /.env.example HTTP/1.0" 404 179
[26/Mar/2025 05:59:21] "GET / HTTP/1.0" 404 179
[26/Mar/2025 05:59:33] "GET / HTTP/1.0" 404 179
[26/Mar/2025 05:59:57] "GET /favicon.ico HTTP/1.0" 404 179
[26/Mar/2025 06:10:48] "GET /trades HTTP/1.0" 301 0
[26/Mar/2025 06:10:48] "GET /trades/ HTTP/1.0" 200 18571
[26/Mar/2025 06:35:38] "GET / HTTP/1.0" 404 179
[26/Mar/2025 07:41:25] "GET / HTTP/1.0" 404 179
[26/Mar/2025 07:51:07] "GET / HTTP/1.0" 404 179
[26/Mar/2025 07:53:29] "GET / HTTP/1.0" 404 179
[26/Mar/2025 08:51:04] "GET /.env HTTP/1.0" 404 179
[26/Mar/2025 08:51:05] "POST / HTTP/1.0" 404 179
[26/Mar/2025 08:57:02] "GET / HTTP/1.0" 404 179
[26/Mar/2025 08:57:22] "GET / HTTP/1.0" 404 179
[26/Mar/2025 08:57:58] "GET /favicon.ico HTTP/1.0" 404 179
[26/Mar/2025 09:39:31] "GET / HTTP/1.0" 404 179
[26/Mar/2025 09:39:42] "GET / HTTP/1.0" 404 179
[26/Mar/2025 09:39:46] "GET / HTTP/1.0" 404 179
[26/Mar/2025 11:04:16] "POST /ajax HTTP/1.0" 404 179
[26/Mar/2025 11:22:50] "GET / HTTP/1.0" 404 179
[26/Mar/2025 11:22:50] "GET /favicon.ico HTTP/1.0" 404 179
[26/Mar/2025 11:36:04] "GET / HTTP/1.0" 404 179
[26/Mar/2025 11:36:04] "GET /favicon.ico HTTP/1.0" 404 179
[26/Mar/2025 11:53:42] "POST /hello.world?%ADd+allow_url_include%3d1+%ADd+auto_prepend_file%3dphp://input HTTP/1.0" 404 179
[26/Mar/2025 11:53:43] "GET /vendor/phpunit/phpunit/src/Util/PHP/eval-stdin.php HTTP/1.0" 404 179
[26/Mar/2025 11:53:43] "GET /vendor/phpunit/phpunit/Util/PHP/eval-stdin.php HTTP/1.0" 404 179
[26/Mar/2025 11:53:44] "GET /vendor/phpunit/src/Util/PHP/eval-stdin.php HTTP/1.0" 404 179
[26/Mar/2025 11:53:44] "GET /vendor/phpunit/Util/PHP/eval-stdin.php HTTP/1.0" 404 179
[26/Mar/2025 11:53:44] "GET /vendor/phpunit/phpunit/LICENSE/eval-stdin.php HTTP/1.0" 404 179
[26/Mar/2025 11:53:44] "GET /vendor/vendor/phpunit/phpunit/src/Util/PHP/eval-stdin.php HTTP/1.0" 404 179
[26/Mar/2025 11:53:45] "GET /phpunit/phpunit/src/Util/PHP/eval-stdin.php HTTP/1.0" 404 179
[26/Mar/2025 11:53:45] "GET /phpunit/phpunit/Util/PHP/eval-stdin.php HTTP/1.0" 404 179
[26/Mar/2025 11:53:46] "GET /phpunit/src/Util/PHP/eval-stdin.php HTTP/1.0" 404 179
[26/Mar/2025 11:53:46] "GET /phpunit/Util/PHP/eval-stdin.php HTTP/1.0" 404 179
[26/Mar/2025 11:53:47] "GET /lib/phpunit/phpunit/src/Util/PHP/eval-stdin.php HTTP/1.0" 404 179
[26/Mar/2025 11:53:47] "GET /lib/phpunit/phpunit/Util/PHP/eval-stdin.php HTTP/1.0" 404 179
[26/Mar/2025 11:53:48] "GET /lib/phpunit/src/Util/PHP/eval-stdin.php HTTP/1.0" 404 179
[26/Mar/2025 11:53:48] "GET /lib/phpunit/Util/PHP/eval-stdin.php HTTP/1.0" 404 179
[26/Mar/2025 11:53:48] "GET /lib/vendor/phpunit/phpunit/src/Util/PHP/eval-stdin.php HTTP/1.0" 404 179
[26/Mar/2025 11:53:49] "GET /laravel/vendor/phpunit/phpunit/src/Util/PHP/eval-stdin.php HTTP/1.0" 404 179
[26/Mar/2025 11:53:49] "GET /www/vendor/phpunit/phpunit/src/Util/PHP/eval-stdin.php HTTP/1.0" 404 179
[26/Mar/2025 11:53:50] "GET /ws/vendor/phpunit/phpunit/src/Util/PHP/eval-stdin.php HTTP/1.0" 404 179
[26/Mar/2025 11:53:50] "GET /yii/vendor/phpunit/phpunit/src/Util/PHP/eval-stdin.php HTTP/1.0" 404 179
[26/Mar/2025 11:53:50] "GET /zend/vendor/phpunit/phpunit/src/Util/PHP/eval-stdin.php HTTP/1.0" 404 179
[26/Mar/2025 11:53:50] "GET /ws/ec/vendor/phpunit/phpunit/src/Util/PHP/eval-stdin.php HTTP/1.0" 404 179
[26/Mar/2025 11:53:51] "GET /V2/vendor/phpunit/phpunit/src/Util/PHP/eval-stdin.php HTTP/1.0" 404 179
[26/Mar/2025 11:53:51] "GET /tests/vendor/phpunit/phpunit/src/Util/PHP/eval-stdin.php HTTP/1.0" 404 179
[26/Mar/2025 11:53:52] "GET /test/vendor/phpunit/phpunit/src/Util/PHP/eval-stdin.php HTTP/1.0" 404 179
[26/Mar/2025 11:53:52] "GET /testing/vendor/phpunit/phpunit/src/Util/PHP/eval-stdin.php HTTP/1.0" 404 179
[26/Mar/2025 11:53:52] "GET /api/vendor/phpunit/phpunit/src/Util/PHP/eval-stdin.php HTTP/1.0" 404 179
[26/Mar/2025 11:53:53] "GET /demo/vendor/phpunit/phpunit/src/Util/PHP/eval-stdin.php HTTP/1.0" 404 179
[26/Mar/2025 11:53:53] "GET /cms/vendor/phpunit/phpunit/src/Util/PHP/eval-stdin.php HTTP/1.0" 404 179
[26/Mar/2025 11:53:53] "GET /crm/vendor/phpunit/phpunit/src/Util/PHP/eval-stdin.php HTTP/1.0" 404 179
[26/Mar/2025 11:53:54] "GET /admin/vendor/phpunit/phpunit/src/Util/PHP/eval-stdin.php HTTP/1.0" 302 0
[26/Mar/2025 11:53:54] "GET /backup/vendor/phpunit/phpunit/src/Util/PHP/eval-stdin.php HTTP/1.0" 404 179
[26/Mar/2025 11:53:55] "GET /blog/vendor/phpunit/phpunit/src/Util/PHP/eval-stdin.php HTTP/1.0" 404 179
[26/Mar/2025 11:53:55] "GET /workspace/drupal/vendor/phpunit/phpunit/src/Util/PHP/eval-stdin.php HTTP/1.0" 404 179
[26/Mar/2025 11:53:56] "GET /panel/vendor/phpunit/phpunit/src/Util/PHP/eval-stdin.php HTTP/1.0" 404 179
[26/Mar/2025 11:53:56] "GET /public/vendor/phpunit/phpunit/src/Util/PHP/eval-stdin.php HTTP/1.0" 404 179
[26/Mar/2025 11:53:56] "GET /apps/vendor/phpunit/phpunit/src/Util/PHP/eval-stdin.php HTTP/1.0" 404 179
[26/Mar/2025 11:53:57] "GET /app/vendor/phpunit/phpunit/src/Util/PHP/eval-stdin.php HTTP/1.0" 404 179
[26/Mar/2025 11:53:57] "GET /index.php?s=/index/\think\app/invokefunction&function=call_user_func_array&vars[0]=md5&vars[1][]=Hello HTTP/1.0" 404 179
[26/Mar/2025 11:53:58] "GET /public/index.php?s=/index/\think\app/invokefunction&function=call_user_func_array&vars[0]=md5&vars[1][]=Hello HTTP/1.0" 404 179
[26/Mar/2025 11:53:58] "GET /index.php?lang=../../../../../../../../usr/local/lib/php/pearcmd&+config-create+/&/<?echo(md5("hi"));?>+/tmp/index1.php HTTP/1.0" 404 179
[26/Mar/2025 11:53:59] "GET /index.php?lang=../../../../../../../../tmp/index1 HTTP/1.0" 404 179
[26/Mar/2025 11:53:59] "GET /containers/json HTTP/1.0" 404 179
[26/Mar/2025 12:01:57] "GET /actuator/gateway/routes HTTP/1.0" 404 179
[26/Mar/2025 12:45:20] "GET /owa/auth/logon.aspx HTTP/1.0" 404 179
[26/Mar/2025 12:53:41] "GET / HTTP/1.0" 404 179
[26/Mar/2025 13:00:51] "GET /trades HTTP/1.0" 301 0
[26/Mar/2025 13:00:51] "GET /trades/ HTTP/1.0" 200 18571
[26/Mar/2025 13:54:15] "GET / HTTP/1.0" 404 179
[26/Mar/2025 13:55:03] "GET /.git/config HTTP/1.0" 404 179
[26/Mar/2025 13:56:24] "HEAD /Core/Skin/Login.aspx HTTP/1.0" 404 0
[26/Mar/2025 14:06:01] "POST /hello.world?%ADd+allow_url_include%3d1+%ADd+auto_prepend_file%3dphp://input HTTP/1.0" 404 179
[26/Mar/2025 14:06:10] "GET /vendor/phpunit/phpunit/src/Util/PHP/eval-stdin.php HTTP/1.0" 404 179
[26/Mar/2025 14:06:19] "GET /vendor/phpunit/phpunit/Util/PHP/eval-stdin.php HTTP/1.0" 404 179
[26/Mar/2025 14:06:26] "GET /.git/config HTTP/1.0" 404 179
[26/Mar/2025 14:06:29] "GET /vendor/phpunit/src/Util/PHP/eval-stdin.php HTTP/1.0" 404 179
[26/Mar/2025 14:06:37] "GET /vendor/phpunit/Util/PHP/eval-stdin.php HTTP/1.0" 404 179
[26/Mar/2025 14:06:46] "GET /vendor/phpunit/phpunit/LICENSE/eval-stdin.php HTTP/1.0" 404 179
[26/Mar/2025 14:06:55] "GET /vendor/vendor/phpunit/phpunit/src/Util/PHP/eval-stdin.php HTTP/1.0" 404 179
[26/Mar/2025 14:07:04] "GET /phpunit/phpunit/src/Util/PHP/eval-stdin.php HTTP/1.0" 404 179
[26/Mar/2025 14:07:13] "GET /phpunit/phpunit/Util/PHP/eval-stdin.php HTTP/1.0" 404 179
[26/Mar/2025 14:07:22] "GET /phpunit/src/Util/PHP/eval-stdin.php HTTP/1.0" 404 179
[26/Mar/2025 14:07:31] "GET /phpunit/Util/PHP/eval-stdin.php HTTP/1.0" 404 179
[26/Mar/2025 14:07:39] "GET /lib/phpunit/phpunit/src/Util/PHP/eval-stdin.php HTTP/1.0" 404 179
[26/Mar/2025 14:07:47] "GET /lib/phpunit/phpunit/Util/PHP/eval-stdin.php HTTP/1.0" 404 179
[26/Mar/2025 14:07:56] "GET /lib/phpunit/src/Util/PHP/eval-stdin.php HTTP/1.0" 404 179
[26/Mar/2025 14:08:03] "GET /lib/phpunit/Util/PHP/eval-stdin.php HTTP/1.0" 404 179
[26/Mar/2025 14:08:11] "GET /lib/vendor/phpunit/phpunit/src/Util/PHP/eval-stdin.php HTTP/1.0" 404 179
[26/Mar/2025 14:08:18] "GET /laravel/vendor/phpunit/phpunit/src/Util/PHP/eval-stdin.php HTTP/1.0" 404 179
[26/Mar/2025 14:08:26] "GET /www/vendor/phpunit/phpunit/src/Util/PHP/eval-stdin.php HTTP/1.0" 404 179
[26/Mar/2025 14:08:33] "GET /ws/vendor/phpunit/phpunit/src/Util/PHP/eval-stdin.php HTTP/1.0" 404 179
[26/Mar/2025 14:08:42] "GET /yii/vendor/phpunit/phpunit/src/Util/PHP/eval-stdin.php HTTP/1.0" 404 179
[26/Mar/2025 14:08:49] "GET /zend/vendor/phpunit/phpunit/src/Util/PHP/eval-stdin.php HTTP/1.0" 404 179
[26/Mar/2025 14:08:58] "GET /ws/ec/vendor/phpunit/phpunit/src/Util/PHP/eval-stdin.php HTTP/1.0" 404 179
[26/Mar/2025 14:09:05] "GET /V2/vendor/phpunit/phpunit/src/Util/PHP/eval-stdin.php HTTP/1.0" 404 179
[26/Mar/2025 14:09:14] "GET /tests/vendor/phpunit/phpunit/src/Util/PHP/eval-stdin.php HTTP/1.0" 404 179
[26/Mar/2025 14:09:22] "GET /test/vendor/phpunit/phpunit/src/Util/PHP/eval-stdin.php HTTP/1.0" 404 179
[26/Mar/2025 14:09:31] "GET /testing/vendor/phpunit/phpunit/src/Util/PHP/eval-stdin.php HTTP/1.0" 404 179
[26/Mar/2025 14:09:40] "GET /api/vendor/phpunit/phpunit/src/Util/PHP/eval-stdin.php HTTP/1.0" 404 179
[26/Mar/2025 14:09:49] "GET /demo/vendor/phpunit/phpunit/src/Util/PHP/eval-stdin.php HTTP/1.0" 404 179
[26/Mar/2025 14:09:57] "GET /cms/vendor/phpunit/phpunit/src/Util/PHP/eval-stdin.php HTTP/1.0" 404 179
[26/Mar/2025 14:10:06] "GET /crm/vendor/phpunit/phpunit/src/Util/PHP/eval-stdin.php HTTP/1.0" 404 179
[26/Mar/2025 14:10:15] "GET /admin/vendor/phpunit/phpunit/src/Util/PHP/eval-stdin.php HTTP/1.0" 302 0
[26/Mar/2025 14:10:23] "GET /backup/vendor/phpunit/phpunit/src/Util/PHP/eval-stdin.php HTTP/1.0" 404 179
[26/Mar/2025 14:10:33] "GET /blog/vendor/phpunit/phpunit/src/Util/PHP/eval-stdin.php HTTP/1.0" 404 179
[26/Mar/2025 14:10:42] "GET /workspace/drupal/vendor/phpunit/phpunit/src/Util/PHP/eval-stdin.php HTTP/1.0" 404 179
[26/Mar/2025 14:10:52] "GET /panel/vendor/phpunit/phpunit/src/Util/PHP/eval-stdin.php HTTP/1.0" 404 179
[26/Mar/2025 14:11:00] "GET /public/vendor/phpunit/phpunit/src/Util/PHP/eval-stdin.php HTTP/1.0" 404 179
[26/Mar/2025 14:11:10] "GET /apps/vendor/phpunit/phpunit/src/Util/PHP/eval-stdin.php HTTP/1.0" 404 179
[26/Mar/2025 14:11:20] "GET /app/vendor/phpunit/phpunit/src/Util/PHP/eval-stdin.php HTTP/1.0" 404 179
[26/Mar/2025 14:11:29] "GET /index.php?s=/index/\think\app/invokefunction&function=call_user_func_array&vars[0]=md5&vars[1][]=Hello HTTP/1.0" 404 179
[26/Mar/2025 14:11:39] "GET /public/index.php?s=/index/\think\app/invokefunction&function=call_user_func_array&vars[0]=md5&vars[1][]=Hello HTTP/1.0" 404 179
[26/Mar/2025 14:11:48] "GET /index.php?lang=../../../../../../../../usr/local/lib/php/pearcmd&+config-create+/&/<?echo(md5("hi"));?>+/tmp/index1.php HTTP/1.0" 404 179
[26/Mar/2025 14:11:59] "GET /index.php?lang=../../../../../../../../tmp/index1 HTTP/1.0" 404 179
[26/Mar/2025 14:12:07] "GET /containers/json HTTP/1.0" 404 179
[26/Mar/2025 14:17:17] "GET / HTTP/1.0" 404 179
[26/Mar/2025 14:57:50] "GET /.env HTTP/1.0" 404 179
[26/Mar/2025 14:57:51] "POST / HTTP/1.0" 404 179
[26/Mar/2025 15:00:18] "GET / HTTP/1.0" 404 179
[26/Mar/2025 15:22:38] "GET / HTTP/1.0" 404 179
[26/Mar/2025 15:22:39] "GET /js/twint_ch.js HTTP/1.0" 404 179
[26/Mar/2025 15:28:50] "POST /FD873AC4-CF86-4FED-84EC-4BD59C6F17A7 HTTP/1.0" 404 179
[26/Mar/2025 15:30:18] "GET /.env HTTP/1.0" 404 179
[26/Mar/2025 15:30:19] "POST / HTTP/1.0" 404 179
[26/Mar/2025 16:17:30] "GET / HTTP/1.0" 404 179
[26/Mar/2025 16:17:30] "GET /js/twint_ch.js HTTP/1.0" 404 179
[26/Mar/2025 16:20:40] "GET / HTTP/1.0" 404 179
[26/Mar/2025 16:31:16] "GET / HTTP/1.0" 404 179
[26/Mar/2025 17:19:17] "GET / HTTP/1.0" 404 179
[26/Mar/2025 17:19:34] "GET /robots.txt HTTP/1.0" 404 179
[26/Mar/2025 17:19:35] "GET /sitemap.xml HTTP/1.0" 404 179
[26/Mar/2025 17:19:35] "GET /.well-known/security.txt HTTP/1.0" 404 179
[26/Mar/2025 17:19:44] "GET /favicon.ico HTTP/1.0" 404 179
[26/Mar/2025 17:34:13] code 400, message Bad request version ('À\x14À')
[26/Mar/2025 17:34:13] You're accessing the development server over HTTPS, but it only supports HTTP.
[26/Mar/2025 17:34:34] "POST /portal HTTP/1.1" 404 179
[26/Mar/2025 18:25:29] "GET /?XDEBUG_SESSION_START=phpstorm HTTP/1.0" 404 179
[26/Mar/2025 18:26:07] "GET /.env HTTP/1.0" 404 179
[26/Mar/2025 18:26:08] "POST / HTTP/1.0" 404 179
[26/Mar/2025 18:58:44] "GET / HTTP/1.0" 404 179
[26/Mar/2025 18:59:07] "GET /php/login.php HTTP/1.0" 404 179
[26/Mar/2025 19:16:28] "GET /.env HTTP/1.0" 404 179
[26/Mar/2025 19:17:37] "GET /remote/login HTTP/1.0" 404 179
[26/Mar/2025 19:17:37] "GET /login HTTP/1.0" 404 179
[26/Mar/2025 19:31:56] "GET /ab2g HTTP/1.0" 404 179
[26/Mar/2025 19:31:57] "GET /ab2h HTTP/1.0" 404 179
[26/Mar/2025 19:31:57] "GET /alive.php HTTP/1.0" 404 179
[26/Mar/2025 19:32:00] "GET / HTTP/1.0" 404 179
[26/Mar/2025 19:32:00] "GET /t4 HTTP/1.0" 404 179
[26/Mar/2025 19:32:01] "GET /favicon.ico HTTP/1.0" 404 179
[26/Mar/2025 19:32:01] "GET / HTTP/1.0" 404 179
[26/Mar/2025 19:32:02] "GET /teorema505?t=1 HTTP/1.0" 404 179
[26/Mar/2025 19:52:07] "POST /portal HTTP/1.0" 404 179
[26/Mar/2025 19:53:28] "GET /actuator/gateway/routes HTTP/1.0" 404 179
[26/Mar/2025 20:10:57] "GET /login HTTP/1.0" 404 179
[26/Mar/2025 20:18:14] "GET /.env HTTP/1.1" 404 179
[26/Mar/2025 20:34:23] "GET /.git/config HTTP/1.0" 404 179
[26/Mar/2025 20:44:42] "GET / HTTP/1.0" 404 179
[26/Mar/2025 21:19:47] "GET / HTTP/1.0" 404 179
[26/Mar/2025 21:20:37] code 400, message Bad request version ('À\x14À')
[26/Mar/2025 21:20:37] You're accessing the development server over HTTPS, but it only supports HTTP.
[26/Mar/2025 21:20:37] code 400, message Bad request version ('À\x14À')
[26/Mar/2025 21:20:37] You're accessing the development server over HTTPS, but it only supports HTTP.
[26/Mar/2025 21:20:37] "GET / HTTP/1.1" 404 179
[26/Mar/2025 21:20:38] "GET /login HTTP/1.1" 404 179
[26/Mar/2025 21:27:54] "GET / HTTP/1.0" 404 179
[26/Mar/2025 21:32:27] "GET /.env HTTP/1.0" 404 179
[26/Mar/2025 21:32:27] "POST / HTTP/1.0" 404 179
[26/Mar/2025 22:00:59] "GET / HTTP/1.0" 404 179
[26/Mar/2025 22:01:10] "GET / HTTP/1.0" 404 179
[26/Mar/2025 22:01:24] "GET /favicon.ico HTTP/1.0" 404 179
[26/Mar/2025 22:14:01] "HEAD /Core/Skin/Login.aspx HTTP/1.0" 404 0
[26/Mar/2025 22:18:35] code 400, message Bad request version ('À\x14À')
[26/Mar/2025 22:18:35] You're accessing the development server over HTTPS, but it only supports HTTP.
[26/Mar/2025 22:43:22] "GET / HTTP/1.0" 404 179
[26/Mar/2025 22:43:46] "GET /php/login.php HTTP/1.0" 404 179
[26/Mar/2025 22:46:16] "GET /.env HTTP/1.0" 404 179
[26/Mar/2025 22:46:17] "POST / HTTP/1.0" 404 179
[26/Mar/2025 22:49:39] "GET /ReportServer HTTP/1.0" 404 179
[26/Mar/2025 23:32:01] "GET / HTTP/1.0" 404 179
[26/Mar/2025 23:44:32] "GET / HTTP/1.0" 404 179
[26/Mar/2025 23:55:01] code 400, message Bad request syntax ('MGLNDD_18.188.226.62_8000')
[26/Mar/2025 23:55:01] "MGLNDD_18.188.226.62_8000" 400 -
[27/Mar/2025 00:11:52] "GET /.git/HEAD HTTP/1.0" 404 179
[27/Mar/2025 00:12:15] "GET /owa/auth/x.js HTTP/1.0" 404 179
[27/Mar/2025 01:42:59] "GET /.git/config HTTP/1.0" 404 179
[27/Mar/2025 01:50:09] "GET / HTTP/1.0" 404 179
[27/Mar/2025 01:54:20] "GET /.env HTTP/1.0" 404 179
[27/Mar/2025 01:54:20] "GET /.env HTTP/1.0" 404 179
[27/Mar/2025 01:57:46] "GET /.git/HEAD HTTP/1.0" 404 179
[27/Mar/2025 02:03:28] "POST /php-cgi/php-cgi.exe?%add+allow_url_include%3d1+%add+auto_prepend_file%3dphp://input HTTP/1.0" 404 179
[27/Mar/2025 02:58:01] code 400, message Bad request version ('À\x13À')
[27/Mar/2025 02:59:10] You're accessing the development server over HTTPS, but it only supports HTTP.
[27/Mar/2025 02:59:10] code 400, message Bad request version ('À(À$À\x14À')
[27/Mar/2025 02:59:10] You're accessing the development server over HTTPS, but it only supports HTTP.
